<?xml version="1.0" encoding="UTF-8"?>
<testsuite name="com.sidekick.app.ui.gallery.GalleryActivityTest" tests="2" skipped="0" failures="0" errors="0" timestamp="2026-06-03T22:04:33.364Z" hostname="PIETRO_WORK" time="5.191">
  <properties/>
  <testcase name="gallery displays all cards dynamically" classname="com.sidekick.app.ui.gallery.GalleryActivityTest" time="3.276"/>
  <testcase name="clicking locked card shows toast" classname="com.sidekick.app.ui.gallery.GalleryActivityTest" time="1.915"/>
  <system-out><![CDATA[]]></system-out>
  <system-err><![CDATA[]]></system-err>
</testsuite>
